<?xml version="1.0" encoding="UTF-8"?>
<testsuite name="ohtu.MultiplierTest" tests="1" skipped="0" failures="0" errors="0" timestamp="2021-02-17T12:48:51" hostname="lx9-fuxi028" time="0.002">
  <properties/>
  <testcase name="kertominenToimii" classname="ohtu.MultiplierTest" time="0.002"/>
  <system-out><![CDATA[]]></system-out>
  <system-err><![CDATA[]]></system-err>
</testsuite>
